1700651435017:connect -h localhost -d test -u root -p 123456
1700652521295:init
1700652555546:stacktrace
1700652594936:init
1700652872211:showTables
1700652886488:dc
1700652890713:showTables
1700654201210:useTable -0
1700654240125:useTable -i 0
1700655973392:useTable -i 1
1700655993085:stacktrace
1700656084457:useTable -i 0
1700656105134:stacktrace
1700656139321:useTable -i 0
1700656198496:stacktrace
1700656305067:useTable -i 0
1700656841876:stacktrace
1700656997130:useTable -i 0
1700657330020:list.add(1,l);
1700657340934:useTable -i 0
1700713167054:show tables
1700713172289:showTables
1700713187086:useTable -i 79
1700713218704:gen -s 10
1700713479525:st
1700713489127:ut -i 79
1700713498157:gen 10
1700713783679:ut -i 79
1700713788367:gen 10
1700714043596:ut -i 79
1700714060086:gen 10
1700727008908:ut -i 79
1700727227661:conf -i 1 -t personName
1700727235663:gen 10
1700727295718:ut -i 79
1700727349606:conf -i 1 -t personName
1700727368586:gen
1700727391367:gen 10
1700727673055:ut -i 79
1700727745226:conf -i 1 -t personName
1700727758320:gen 10
1700728676111:ut -1 79
1700728683679:ut -i 79
1700728699208:conf -i 1 -t personName
1700728703836:gen 10
1700728776713:ut -i 79
1700728795206:conf -i 1 -t personName
1700728798467:gen 10
1700729186079:ut -i 79
1700729197313:conf -i 1 -t personName
1700729202127:gen 10
1700729968212:ut -i 79
1700729993615:conf - i 1 -t personName
1700730009774:conf -i 1 -t personName
1700730013929:gen 10
1700730280819:ut -i 79
1700730293533:gonf -i 1 -t personName
1700730305118:conf -i 1 -t personName
1700730308797:gen 10
1700730794421:ut -i 79
1700730810084:conf- i 1 -t personName
1700730846765:conf -i 1 -t personName
1700730851762:gen 10
1700731895238:ut -i 79
1700731910495:conf -i 1 -t personName
1700731932738:gen 10
1700732279929:ut -i 79
1700732295926:conf -i 1 -t personName
1700732299769:gen 10
1700733122727:ut -i 79
1700733138719:conf -i 1 -t personName
1700733142741:gen 10
1700733634595:gen 100
1700733953376:st
1700733958662:ut -i 79
1700733976751:conf -i 1 personName
1700734037491:con -i 2 age
1700734067375:conf -i 1 -t personName
1700734082408:conf -i 2 -t age
1700734157251:conf -i 4 -t tel
1700734172544:conf -i 5 -t sex
1700734176999:gen 10
1700734268578:help
1700735146010:gen 10
1700735157325:stacktrace
1700735201903:gen 10
1700736213414:help
1700801058657:st
1700801500358:ut -i 79
1700801516144:conf -i 1 -t type
1700801530973:conf -i 1 -t personname
1700801542074:conf -i 1 -t personName
1700801547823:sf
1700801776306:ut -i 79
1700801810383:conf -i 1 -t personName
1700801814495:sf
1700801870030:conf -i  -t age
1700801931954:conf -i 2 -t age
1700801933782:sf
1700802347744:ut -i 79
1700802369426:conf -i 1 -t personName
1700804520786:ut -i 79
1700804625787:conf -i 1 -t regex -r [a-z]{2}[A-z]{2}[0-9]{2}
1700804637286:sf
1700804650880:gen 1
1700804757396:ut -i 79
1700804769051:conf -i 1 -t name
1700804772380:gen 1
1700804820740:conf -i 5 -t sex
1700804823801:gen 1
1700805159554:ut -i 79
